<?xml version="1.0" encoding="UTF-8"?>
<!-- Generated by org.testng.reporters.JUnitReportReporter -->
<testsuite hostname="DESKTOP-DLIOL9L" failures="0" tests="3" name="tests.LoginTest" time="11.886" errors="0" timestamp="2025-09-26T16:10:58 IST" skipped="0">
  <testcase classname="tests.LoginTest" name="testValidLogin" time="2.026"/>
  <testcase classname="tests.LoginTest" name="testValidLogin" time="4.586"/>
  <testcase classname="tests.LoginTest" name="testValidLogin" time="5.274"/>
</testsuite> <!-- tests.LoginTest -->
