<?xml version="1.0" encoding="UTF-8"?>
<!-- Generated by org.testng.reporters.JUnitReportReporter -->
<testsuite hostname="DESKTOP-DLIOL9L" failures="0" tests="1" name="tests.LoginTest" time="4.344" errors="0" timestamp="2025-09-22T11:35:12 IST" skipped="0">
  <testcase classname="tests.LoginTest" name="testValidLogin" time="4.344"/>
</testsuite> <!-- tests.LoginTest -->
